info it worked if it ends with ok
verbose cli [ '/usr/bin/nodejs', '/usr/bin/npm', 'install' ]
info using npm@1.1.4
info using node@v0.6.19
verbose config file /home/alekseenko/.npmrc
verbose config file /usr/etc/npmrc
verbose config file /usr/share/npm/npmrc
verbose caching /home/alekseenko/projects/brush-salon/web/package.json
verbose loadDefaults brash@1.0.0
verbose readDependencies: using package.json deps
verbose where, deps [ '/home/alekseenko/projects/brush-salon/web',
verbose where, deps   [ 'jquery',
verbose where, deps     'slick-carousel',
verbose where, deps     'swiper',
verbose where, deps     'autoprefixer',
verbose where, deps     'bootstrap',
verbose where, deps     'css-loader',
verbose where, deps     'extract-text-webpack-plugin',
verbose where, deps     'file-loader',
verbose where, deps     'imports-loader',
verbose where, deps     'less',
verbose where, deps     'less-loader',
verbose where, deps     'postcss-loader',
verbose where, deps     'script-loader',
verbose where, deps     'style-loader',
verbose where, deps     'url-loader',
verbose where, deps     'webpack',
verbose where, deps     'webpack-sources' ] ]
verbose from cache /home/alekseenko/projects/brush-salon/web/package.json
info preinstall brash@1.0.0
verbose from cache /home/alekseenko/projects/brush-salon/web/package.json
verbose readDependencies: using package.json deps
verbose cache add [ 'jquery@^2.2.0', null ]
silly cache add: name, spec, args [ undefined, 'jquery@^2.2.0', [ 'jquery@^2.2.0', null ] ]
verbose parsed url { pathname: 'jquery@^2.2.0',
verbose parsed url   path: 'jquery@^2.2.0',
verbose parsed url   href: 'jquery@^2.2.0' }
silly cache add: name, spec, args [ 'jquery', '^2.2.0', [ 'jquery', '^2.2.0' ] ]
verbose parsed url { pathname: '^2.2.0', path: '^2.2.0', href: '^2.2.0' }
verbose addNamed [ 'jquery', '^2.2.0' ]
verbose addNamed [ null, null ]
info addNameTag [ 'jquery', '^2.2.0' ]
verbose raw, before any munging jquery
verbose url resolving [ 'http://registry.npmjs.org/', './jquery' ]
verbose url resolved http://registry.npmjs.org/jquery
http GET http://registry.npmjs.org/jquery
verbose cache add [ 'slick-carousel@^1.5.9', null ]
silly cache add: name, spec, args [ undefined,
silly cache add: name, spec, args   'slick-carousel@^1.5.9',
silly cache add: name, spec, args   [ 'slick-carousel@^1.5.9', null ] ]
verbose parsed url { pathname: 'slick-carousel@^1.5.9',
verbose parsed url   path: 'slick-carousel@^1.5.9',
verbose parsed url   href: 'slick-carousel@^1.5.9' }
silly cache add: name, spec, args [ 'slick-carousel', '^1.5.9', [ 'slick-carousel', '^1.5.9' ] ]
verbose parsed url { pathname: '^1.5.9', path: '^1.5.9', href: '^1.5.9' }
verbose addNamed [ 'slick-carousel', '^1.5.9' ]
verbose addNamed [ null, null ]
info addNameTag [ 'slick-carousel', '^1.5.9' ]
verbose cache add [ 'swiper@^3.3.0', null ]
silly cache add: name, spec, args [ undefined, 'swiper@^3.3.0', [ 'swiper@^3.3.0', null ] ]
verbose parsed url { pathname: 'swiper@^3.3.0',
verbose parsed url   path: 'swiper@^3.3.0',
verbose parsed url   href: 'swiper@^3.3.0' }
silly cache add: name, spec, args [ 'swiper', '^3.3.0', [ 'swiper', '^3.3.0' ] ]
verbose parsed url { pathname: '^3.3.0', path: '^3.3.0', href: '^3.3.0' }
verbose addNamed [ 'swiper', '^3.3.0' ]
verbose addNamed [ null, null ]
info addNameTag [ 'swiper', '^3.3.0' ]
verbose cache add [ 'autoprefixer@^6.3.0', null ]
silly cache add: name, spec, args [ undefined,
silly cache add: name, spec, args   'autoprefixer@^6.3.0',
silly cache add: name, spec, args   [ 'autoprefixer@^6.3.0', null ] ]
verbose parsed url { pathname: 'autoprefixer@^6.3.0',
verbose parsed url   path: 'autoprefixer@^6.3.0',
verbose parsed url   href: 'autoprefixer@^6.3.0' }
silly cache add: name, spec, args [ 'autoprefixer', '^6.3.0', [ 'autoprefixer', '^6.3.0' ] ]
verbose parsed url { pathname: '^6.3.0', path: '^6.3.0', href: '^6.3.0' }
verbose addNamed [ 'autoprefixer', '^6.3.0' ]
verbose addNamed [ null, null ]
info addNameTag [ 'autoprefixer', '^6.3.0' ]
verbose cache add [ 'bootstrap@^3.3.6', null ]
silly cache add: name, spec, args [ undefined, 'bootstrap@^3.3.6', [ 'bootstrap@^3.3.6', null ] ]
verbose parsed url { pathname: 'bootstrap@^3.3.6',
verbose parsed url   path: 'bootstrap@^3.3.6',
verbose parsed url   href: 'bootstrap@^3.3.6' }
silly cache add: name, spec, args [ 'bootstrap', '^3.3.6', [ 'bootstrap', '^3.3.6' ] ]
verbose parsed url { pathname: '^3.3.6', path: '^3.3.6', href: '^3.3.6' }
verbose addNamed [ 'bootstrap', '^3.3.6' ]
verbose addNamed [ null, null ]
info addNameTag [ 'bootstrap', '^3.3.6' ]
verbose cache add [ 'css-loader@^0.23.1', null ]
silly cache add: name, spec, args [ undefined,
silly cache add: name, spec, args   'css-loader@^0.23.1',
silly cache add: name, spec, args   [ 'css-loader@^0.23.1', null ] ]
verbose parsed url { pathname: 'css-loader@^0.23.1',
verbose parsed url   path: 'css-loader@^0.23.1',
verbose parsed url   href: 'css-loader@^0.23.1' }
silly cache add: name, spec, args [ 'css-loader', '^0.23.1', [ 'css-loader', '^0.23.1' ] ]
verbose parsed url { pathname: '^0.23.1', path: '^0.23.1', href: '^0.23.1' }
verbose addNamed [ 'css-loader', '^0.23.1' ]
verbose addNamed [ null, null ]
info addNameTag [ 'css-loader', '^0.23.1' ]
verbose cache add [ 'extract-text-webpack-plugin@^1.0.0', null ]
silly cache add: name, spec, args [ undefined,
silly cache add: name, spec, args   'extract-text-webpack-plugin@^1.0.0',
silly cache add: name, spec, args   [ 'extract-text-webpack-plugin@^1.0.0', null ] ]
verbose parsed url { pathname: 'extract-text-webpack-plugin@^1.0.0',
verbose parsed url   path: 'extract-text-webpack-plugin@^1.0.0',
verbose parsed url   href: 'extract-text-webpack-plugin@^1.0.0' }
silly cache add: name, spec, args [ 'extract-text-webpack-plugin',
silly cache add: name, spec, args   '^1.0.0',
silly cache add: name, spec, args   [ 'extract-text-webpack-plugin', '^1.0.0' ] ]
verbose parsed url { pathname: '^1.0.0', path: '^1.0.0', href: '^1.0.0' }
verbose addNamed [ 'extract-text-webpack-plugin', '^1.0.0' ]
verbose addNamed [ null, null ]
info addNameTag [ 'extract-text-webpack-plugin', '^1.0.0' ]
verbose cache add [ 'file-loader@^0.8.5', null ]
silly cache add: name, spec, args [ undefined,
silly cache add: name, spec, args   'file-loader@^0.8.5',
silly cache add: name, spec, args   [ 'file-loader@^0.8.5', null ] ]
verbose parsed url { pathname: 'file-loader@^0.8.5',
verbose parsed url   path: 'file-loader@^0.8.5',
verbose parsed url   href: 'file-loader@^0.8.5' }
silly cache add: name, spec, args [ 'file-loader', '^0.8.5', [ 'file-loader', '^0.8.5' ] ]
verbose parsed url { pathname: '^0.8.5', path: '^0.8.5', href: '^0.8.5' }
verbose addNamed [ 'file-loader', '^0.8.5' ]
verbose addNamed [ null, null ]
info addNameTag [ 'file-loader', '^0.8.5' ]
verbose cache add [ 'imports-loader@^0.6.5', null ]
silly cache add: name, spec, args [ undefined,
silly cache add: name, spec, args   'imports-loader@^0.6.5',
silly cache add: name, spec, args   [ 'imports-loader@^0.6.5', null ] ]
verbose parsed url { pathname: 'imports-loader@^0.6.5',
verbose parsed url   path: 'imports-loader@^0.6.5',
verbose parsed url   href: 'imports-loader@^0.6.5' }
silly cache add: name, spec, args [ 'imports-loader', '^0.6.5', [ 'imports-loader', '^0.6.5' ] ]
verbose parsed url { pathname: '^0.6.5', path: '^0.6.5', href: '^0.6.5' }
verbose addNamed [ 'imports-loader', '^0.6.5' ]
verbose addNamed [ null, null ]
info addNameTag [ 'imports-loader', '^0.6.5' ]
verbose raw, before any munging slick-carousel
verbose url resolving [ 'http://registry.npmjs.org/', './slick-carousel' ]
verbose url resolved http://registry.npmjs.org/slick-carousel
http GET http://registry.npmjs.org/slick-carousel
verbose raw, before any munging swiper
verbose url resolving [ 'http://registry.npmjs.org/', './swiper' ]
verbose url resolved http://registry.npmjs.org/swiper
http GET http://registry.npmjs.org/swiper
verbose raw, before any munging bootstrap
verbose url resolving [ 'http://registry.npmjs.org/', './bootstrap' ]
verbose url resolved http://registry.npmjs.org/bootstrap
http GET http://registry.npmjs.org/bootstrap
verbose raw, before any munging css-loader
verbose url resolving [ 'http://registry.npmjs.org/', './css-loader' ]
verbose url resolved http://registry.npmjs.org/css-loader
http GET http://registry.npmjs.org/css-loader
verbose raw, before any munging extract-text-webpack-plugin
verbose url resolving [ 'http://registry.npmjs.org/',
verbose url resolving   './extract-text-webpack-plugin' ]
verbose url resolved http://registry.npmjs.org/extract-text-webpack-plugin
http GET http://registry.npmjs.org/extract-text-webpack-plugin
verbose raw, before any munging file-loader
verbose url resolving [ 'http://registry.npmjs.org/', './file-loader' ]
verbose url resolved http://registry.npmjs.org/file-loader
http GET http://registry.npmjs.org/file-loader
verbose raw, before any munging imports-loader
verbose url resolving [ 'http://registry.npmjs.org/', './imports-loader' ]
verbose url resolved http://registry.npmjs.org/imports-loader
http GET http://registry.npmjs.org/imports-loader
verbose cache add [ 'less@^2.5.3', null ]
silly cache add: name, spec, args [ undefined, 'less@^2.5.3', [ 'less@^2.5.3', null ] ]
verbose parsed url { pathname: 'less@^2.5.3',
verbose parsed url   path: 'less@^2.5.3',
verbose parsed url   href: 'less@^2.5.3' }
silly cache add: name, spec, args [ 'less', '^2.5.3', [ 'less', '^2.5.3' ] ]
verbose parsed url { pathname: '^2.5.3', path: '^2.5.3', href: '^2.5.3' }
verbose addNamed [ 'less', '^2.5.3' ]
verbose addNamed [ null, null ]
info addNameTag [ 'less', '^2.5.3' ]
verbose cache add [ 'less-loader@^2.2.2', null ]
silly cache add: name, spec, args [ undefined,
silly cache add: name, spec, args   'less-loader@^2.2.2',
silly cache add: name, spec, args   [ 'less-loader@^2.2.2', null ] ]
verbose parsed url { pathname: 'less-loader@^2.2.2',
verbose parsed url   path: 'less-loader@^2.2.2',
verbose parsed url   href: 'less-loader@^2.2.2' }
silly cache add: name, spec, args [ 'less-loader', '^2.2.2', [ 'less-loader', '^2.2.2' ] ]
verbose parsed url { pathname: '^2.2.2', path: '^2.2.2', href: '^2.2.2' }
verbose addNamed [ 'less-loader', '^2.2.2' ]
verbose addNamed [ null, null ]
info addNameTag [ 'less-loader', '^2.2.2' ]
verbose cache add [ 'postcss-loader@^0.8.0', null ]
silly cache add: name, spec, args [ undefined,
silly cache add: name, spec, args   'postcss-loader@^0.8.0',
silly cache add: name, spec, args   [ 'postcss-loader@^0.8.0', null ] ]
verbose parsed url { pathname: 'postcss-loader@^0.8.0',
verbose parsed url   path: 'postcss-loader@^0.8.0',
verbose parsed url   href: 'postcss-loader@^0.8.0' }
silly cache add: name, spec, args [ 'postcss-loader', '^0.8.0', [ 'postcss-loader', '^0.8.0' ] ]
verbose parsed url { pathname: '^0.8.0', path: '^0.8.0', href: '^0.8.0' }
verbose addNamed [ 'postcss-loader', '^0.8.0' ]
verbose addNamed [ null, null ]
info addNameTag [ 'postcss-loader', '^0.8.0' ]
verbose cache add [ 'script-loader@^0.6.1', null ]
silly cache add: name, spec, args [ undefined,
silly cache add: name, spec, args   'script-loader@^0.6.1',
silly cache add: name, spec, args   [ 'script-loader@^0.6.1', null ] ]
verbose parsed url { pathname: 'script-loader@^0.6.1',
verbose parsed url   path: 'script-loader@^0.6.1',
verbose parsed url   href: 'script-loader@^0.6.1' }
silly cache add: name, spec, args [ 'script-loader', '^0.6.1', [ 'script-loader', '^0.6.1' ] ]
verbose parsed url { pathname: '^0.6.1', path: '^0.6.1', href: '^0.6.1' }
verbose addNamed [ 'script-loader', '^0.6.1' ]
verbose addNamed [ null, null ]
info addNameTag [ 'script-loader', '^0.6.1' ]
verbose cache add [ 'style-loader@^0.13.0', null ]
silly cache add: name, spec, args [ undefined,
silly cache add: name, spec, args   'style-loader@^0.13.0',
silly cache add: name, spec, args   [ 'style-loader@^0.13.0', null ] ]
verbose parsed url { pathname: 'style-loader@^0.13.0',
verbose parsed url   path: 'style-loader@^0.13.0',
verbose parsed url   href: 'style-loader@^0.13.0' }
silly cache add: name, spec, args [ 'style-loader', '^0.13.0', [ 'style-loader', '^0.13.0' ] ]
verbose parsed url { pathname: '^0.13.0', path: '^0.13.0', href: '^0.13.0' }
verbose addNamed [ 'style-loader', '^0.13.0' ]
verbose addNamed [ null, null ]
info addNameTag [ 'style-loader', '^0.13.0' ]
verbose cache add [ 'url-loader@^0.5.7', null ]
silly cache add: name, spec, args [ undefined, 'url-loader@^0.5.7', [ 'url-loader@^0.5.7', null ] ]
verbose parsed url { pathname: 'url-loader@^0.5.7',
verbose parsed url   path: 'url-loader@^0.5.7',
verbose parsed url   href: 'url-loader@^0.5.7' }
silly cache add: name, spec, args [ 'url-loader', '^0.5.7', [ 'url-loader', '^0.5.7' ] ]
verbose parsed url { pathname: '^0.5.7', path: '^0.5.7', href: '^0.5.7' }
verbose addNamed [ 'url-loader', '^0.5.7' ]
verbose addNamed [ null, null ]
info addNameTag [ 'url-loader', '^0.5.7' ]
verbose cache add [ 'webpack@^1.12.9', null ]
silly cache add: name, spec, args [ undefined, 'webpack@^1.12.9', [ 'webpack@^1.12.9', null ] ]
verbose parsed url { pathname: 'webpack@^1.12.9',
verbose parsed url   path: 'webpack@^1.12.9',
verbose parsed url   href: 'webpack@^1.12.9' }
silly cache add: name, spec, args [ 'webpack', '^1.12.9', [ 'webpack', '^1.12.9' ] ]
verbose parsed url { pathname: '^1.12.9', path: '^1.12.9', href: '^1.12.9' }
verbose addNamed [ 'webpack', '^1.12.9' ]
verbose addNamed [ null, null ]
info addNameTag [ 'webpack', '^1.12.9' ]
verbose cache add [ 'webpack-sources@^0.1.0', null ]
silly cache add: name, spec, args [ undefined,
silly cache add: name, spec, args   'webpack-sources@^0.1.0',
silly cache add: name, spec, args   [ 'webpack-sources@^0.1.0', null ] ]
verbose parsed url { pathname: 'webpack-sources@^0.1.0',
verbose parsed url   path: 'webpack-sources@^0.1.0',
verbose parsed url   href: 'webpack-sources@^0.1.0' }
silly cache add: name, spec, args [ 'webpack-sources', '^0.1.0', [ 'webpack-sources', '^0.1.0' ] ]
verbose parsed url { pathname: '^0.1.0', path: '^0.1.0', href: '^0.1.0' }
verbose addNamed [ 'webpack-sources', '^0.1.0' ]
verbose addNamed [ null, null ]
info addNameTag [ 'webpack-sources', '^0.1.0' ]
verbose raw, before any munging less
verbose url resolving [ 'http://registry.npmjs.org/', './less' ]
verbose url resolved http://registry.npmjs.org/less
http GET http://registry.npmjs.org/less
verbose raw, before any munging less-loader
verbose url resolving [ 'http://registry.npmjs.org/', './less-loader' ]
verbose url resolved http://registry.npmjs.org/less-loader
http GET http://registry.npmjs.org/less-loader
verbose raw, before any munging postcss-loader
verbose url resolving [ 'http://registry.npmjs.org/', './postcss-loader' ]
verbose url resolved http://registry.npmjs.org/postcss-loader
http GET http://registry.npmjs.org/postcss-loader
verbose raw, before any munging script-loader
verbose url resolving [ 'http://registry.npmjs.org/', './script-loader' ]
verbose url resolved http://registry.npmjs.org/script-loader
http GET http://registry.npmjs.org/script-loader
verbose raw, before any munging style-loader
verbose url resolving [ 'http://registry.npmjs.org/', './style-loader' ]
verbose url resolved http://registry.npmjs.org/style-loader
http GET http://registry.npmjs.org/style-loader
verbose raw, before any munging url-loader
verbose url resolving [ 'http://registry.npmjs.org/', './url-loader' ]
verbose url resolved http://registry.npmjs.org/url-loader
http GET http://registry.npmjs.org/url-loader
verbose raw, before any munging webpack
verbose url resolving [ 'http://registry.npmjs.org/', './webpack' ]
verbose url resolved http://registry.npmjs.org/webpack
http GET http://registry.npmjs.org/webpack
verbose raw, before any munging webpack-sources
verbose url resolving [ 'http://registry.npmjs.org/', './webpack-sources' ]
verbose url resolved http://registry.npmjs.org/webpack-sources
http GET http://registry.npmjs.org/webpack-sources
verbose raw, before any munging autoprefixer
verbose url resolving [ 'http://registry.npmjs.org/', './autoprefixer' ]
verbose url resolved http://registry.npmjs.org/autoprefixer
verbose etag "3YQAZ670W16VZN5QLEY6EMLKY"
http GET http://registry.npmjs.org/autoprefixer
http 200 http://registry.npmjs.org/bootstrap
silly get cb [ 200,
silly get cb   { server: 'CouchDB/1.5.0 (Erlang OTP/R16B03)',
silly get cb     etag: '"1V17GLSQR6Q22TSSPDQ2YNF6Q"',
silly get cb     'content-type': 'application/json',
silly get cb     'cache-control': 'max-age=300',
silly get cb     'content-length': '31145',
silly get cb     'accept-ranges': 'bytes',
silly get cb     date: 'Mon, 08 Feb 2016 19:03:35 GMT',
silly get cb     via: '1.1 varnish',
silly get cb     age: '288',
silly get cb     connection: 'keep-alive',
silly get cb     'x-served-by': 'cache-ams4131-AMS',
silly get cb     'x-cache': 'HIT',
silly get cb     'x-cache-hits': '1',
silly get cb     'x-timer': 'S1454958215.561596,VS0,VE0',
silly get cb     vary: 'Accept' } ]
verbose mkdir (expected) error ENOENT, stat '/home/alekseenko/.npm/bootstrap'
verbose mkdir done: /home/alekseenko/.npm/bootstrap 755
ERR! Error: No compatible version found: bootstrap@'^3.3.6'
ERR! Valid install targets:
ERR! ["0.0.1","0.0.2","3.1.1"]
ERR!     at installTargetsError (/usr/share/npm/lib/cache.js:488:10)
ERR!     at /usr/share/npm/lib/cache.js:375:15
ERR!     at saved (/usr/share/npm/lib/utils/npm-registry-client/get.js:147:7)
ERR!     at Object.oncomplete (/usr/lib/nodejs/graceful-fs.js:230:7)
ERR! You may report this log at:
ERR!     <http://bugs.debian.org/npm>
ERR! or use
ERR!     reportbug --attach /home/alekseenko/projects/brush-salon/web/npm-debug.log npm
ERR! 
ERR! System Linux 3.5.0-27-generic
ERR! command "/usr/bin/nodejs" "/usr/bin/npm" "install"
ERR! cwd /home/alekseenko/projects/brush-salon/web
ERR! node -v v0.6.19
ERR! npm -v 1.1.4
ERR! message No compatible version found: bootstrap@'^3.3.6'
ERR! message Valid install targets:
ERR! message ["0.0.1","0.0.2","3.1.1"]
verbose exit [ 1, true ]
